Unity Editor version:    6000.4.1f1 (8535861f39e1)
Branch:                  6000.4/staging
Build type:              Release
Batch mode:              YES
macOS version:           Version 26.3.1 (a) (Build 25D771280a)
Darwin version:          25.3.0
Architecture:            arm64
Running under Rosetta:   NO
Available memory:        16384 MB
Date:                    2026-04-16T20:29:57Z
[Licensing::Module] Trying to connect to existing licensing client channel...
[Licensing::IpcConnector] Successfully connected to: "LicenseClient-cuongnguyen" at "2026-04-16T20:29:57.324264Z"
Launching external process: /Applications/Unity/Hub/Editor/6000.4.1f1/Unity.app/Contents/Helpers/PackageManager/Server/UnityPackageManager

COMMAND LINE ARGUMENTS:
/Applications/Unity/Hub/Editor/6000.4.1f1/Unity.app/Contents/MacOS/Unity
-batchmode
-quit
-executeMethod
FinalNumber.Editor.CommandLineBuild.BuildAndroid
-logFile
build_attempt.log
/Users/cuongnguyen/.paperclip/instances/default/workspaces/fd3feb82-9d99-4a42-a614-015f3a017a2a/FinalNumber
[UnityMemory] Configuration Parameters - Can be set up in boot.config
    "memorysetup-temp-allocator-size-gi-baking-worker=262144"
    "memorysetup-temp-allocator-size-gi-baking-worker=262144"
    "memorysetup-temp-allocator-size-gi-baking-worker=262144"
    "memorysetup-temp-allocator-size-gi-baking-worker=262144"
    "memorysetup-temp-allocator-size-gi-baking-worker=262144"
    "memorysetup-temp-allocator-size-nav-mesh-worker=65536"
    "memorysetup-temp-allocator-size-audio-worker=65536"
    "memorysetup-temp-allocator-size-cloud-worker=32768"
    "memorysetup-allocator-temp-initial-block-size-main=262144"
    "memorysetup-allocator-temp-initial-block-size-worker=262144"
    "memorysetup-temp-allocator-size-background-worker=32768"
    "memorysetup-temp-allocator-size-job-worker=262144"
    "memorysetup-temp-allocator-size-preload-manager=33554432"
    "memorysetup-temp-allocator-size-gfx=262144"
    "memorysetup-bucket-allocator-granularity=16"
    "memorysetup-bucket-allocator-bucket-count=8"
    "memorysetup-bucket-allocator-block-size=33554432"
    "memorysetup-bucket-allocator-block-count=8"
    "memorysetup-main-allocator-block-size=16777216"
    "memorysetup-thread-allocator-block-size=16777216"
    "memorysetup-gfx-main-allocator-block-size=16777216"
    "memorysetup-gfx-thread-allocator-block-size=16777216"
    "memorysetup-cache-allocator-block-size=4194304"
    "memorysetup-typetree-allocator-block-size=2097152"
    "memorysetup-profiler-bucket-allocator-granularity=16"
    "memorysetup-profiler-bucket-allocator-bucket-count=8"
    "memorysetup-profiler-bucket-allocator-block-size=33554432"
    "memorysetup-profiler-bucket-allocator-block-count=8"
    "memorysetup-profiler-allocator-block-size=16777216"
    "memorysetup-profiler-editor-allocator-block-size=1048576"
    "memorysetup-temp-allocator-size-main=16777216"
    "memorysetup-job-temp-allocator-block-size=2097152"
    "memorysetup-job-temp-allocator-block-size-background=1048576"
    "memorysetup-job-temp-allocator-reduction-small-platforms=262144"
Player connection [8554295552]  Target information:

Player connection [8554295552]  * "[IP] 100.116.196.2 [Port] 55504 [Flags] 2 [Guid] 1850614930 [EditorId] 1850614930 [Version] 1048832 [Id] OSXEditor(0,Mac-mini.local) [Debug] 1 [PackageName] OSXEditor [ProjectName] Editor" 

Player connection [8554295552]  * "[IP] 192.168.68.50 [Port] 55504 [Flags] 2 [Guid] 1850614930 [EditorId] 1850614930 [Version] 1048832 [Id] OSXEditor(0,Mac-mini.local) [Debug] 1 [PackageName] OSXEditor [ProjectName] Editor" 

Player connection [8554295552]  * "[IP] 10.0.0.172 [Port] 55504 [Flags] 2 [Guid] 1850614930 [EditorId] 1850614930 [Version] 1048832 [Id] OSXEditor(0,Mac-mini.local) [Debug] 1 [PackageName] OSXEditor [ProjectName] Editor" 

Player connection [8554295552] Host joined multi-casting on [225.0.0.222:54997]...
Player connection [8554295552] Host joined alternative multi-casting on [225.0.0.222:34997]...
Input System module state changed to: Initialized.
[Physics::Module] Initialized fallback backend.
[Physics::Module] Id: 0xdecafbad
[Package Manager] Connected to IPC stream "Upm-45213" after 0.1 seconds.
[Licensing::Module] Licensing is not yet initialized.
[Licensing::Client] Handshaking with LicensingClient:
  Version:                 1.18.1+9fbee8e
  Session Id:              1bf675ca63fd48d0b593350edcd4e457
  Correlation Id:          a26066ae8eb53f8b8231370644bfc7bc
  External correlation Id: 6990763004839917622
  Machine Id:              Hpvz2dhnzVv5R7tzxP05io2Ngl0=
[Licensing::Module] Successfully connected to LicensingClient on channel: "LicenseClient-cuongnguyen" (connect: 0.00s, validation: 0.00s, handshake: 0.24s)
[Licensing::IpcConnector] Successfully connected to: "LicenseClient-cuongnguyen-notifications" at "2026-04-16T20:29:57.564276Z"
[Licensing::Module] Error: Access token is unavailable; failed to update
[Licensing::Client] Successfully resolved entitlement details
[Licensing::Module] License group:
  Id: 18967073540928-UnityPersXXXX
  Product: Unity Personal
  Type: Assigned
  Expiration: Unlimited
[Licensing::Client] Successfully updated license, isAsync: True, time: 0.00
[Licensing::Client] Successfully resolved entitlement details
[Licensing::Module] Licensing Background thread has ended after 0.24s
[Licensing::Module] Licensing is initialized (took 0.05s).
[Licensing::Client] Successfully resolved entitlement details
Library Redirect Path: Library/
[Physics::Module] Selected backend.
[Physics::Module] Name: PhysX
[Physics::Module] Id: 0xf2b8ea05
[Physics::Module] SDK Version: 4.1.2
[Physics::Module] Integration Version: 1.0.0
[Physics::Module] Threading Mode: Multi-Threaded
Initialize engine version: 6000.4.1f1 (8535861f39e1)
[Subsystems] Discovering subsystems at path /Applications/Unity/Hub/Editor/6000.4.1f1/Unity.app/Contents/Resources/UnitySubsystems
[Subsystems] Discovering subsystems at path /Users/cuongnguyen/.paperclip/instances/default/workspaces/fd3feb82-9d99-4a42-a614-015f3a017a2a/FinalNumber/Assets
GfxDevice: creating device client; kGfxThreadingModeNonThreaded
 preferred device: Apple M4 (high power)
Metal devices available: 1
0: Apple M4 (high power)
Using device Apple M4 (high power)
Initializing Metal device caps: Apple M4
Mac GPU Family: 2
Apple GPU Family: 9
MSL Version: 3.0
Has Float MSAA: 1
Has Float Filtering: 1
ReadWrite Texture Tier: 2
Initialize mono
Mono path[0] = '/Applications/Unity/Hub/Editor/6000.4.1f1/Unity.app/Contents/Resources/Scripting/Managed'
Mono path[1] = '/Applications/Unity/Hub/Editor/6000.4.1f1/Unity.app/Contents/Resources/Scripting/MonoBleedingEdge/lib/mono/unityjit-macos'
Mono config path = '/Applications/Unity/Hub/Editor/6000.4.1f1/Unity.app/Contents/Resources/Scripting/MonoBleedingEdge/etc'
Using monoOptions --debugger-agent=transport=dt_socket,embedding=1,server=y,suspend=n,address=127.0.0.1:56213
CodeReloadManager initialized
Using cacheserver namespaces - metadata:defaultmetadata, artifacts:defaultartifacts
Using cacheserver namespaces - metadata:defaultmetadata, artifacts:defaultartifacts
ImportWorker Server TCP listen port: 0
AcceleratorClientConnectionCallback - disconnected - :0
Begin MonoManager ReloadAssembly
Registering precompiled unity dll's ...
Register platform support module: /Applications/Unity/Hub/Editor/6000.4.1f1/PlaybackEngines/WebGLSupport/UnityEditor.WebGL.Extensions.dll
Register platform support module: /Applications/Unity/Hub/Editor/6000.4.1f1/Unity.app/Contents/PlaybackEngines/MacStandaloneSupport/UnityEditor.OSXStandalone.Extensions.dll
[Licensing::Client] Successfully resolved entitlement details
Register platform support module: /Applications/Unity/Hub/Editor/6000.4.1f1/PlaybackEngines/AndroidPlayer/UnityEditor.Android.Extensions.dll
[Licensing::Client] Successfully resolved entitlement details
Register platform support module: /Applications/Unity/Hub/Editor/6000.4.1f1/PlaybackEngines/iOSSupport/UnityEditor.iOS.Extensions.dll
Registered in 0.003351 seconds.
[usbmuxd] Start listen thread
[usbmuxd] Listen thread started
[usbmuxd] Send listen message
Native extension for iOS target not found
Native extension for Android target not found
Native extension for OSXStandalone target not found
Native extension for WebGL target not found
Package Manager log level set to [2]
ScheduleIndexationOnStartup MainProcess:False IndexOnStartup:False
Mono: successfully reloaded assembly
- Finished resetting the current domain, in  0.191 seconds
Domain Reload Profiling: 373ms
	BeginReloadAssembly (46ms)
		CreateAndSetChildDomain (12ms)
	RebuildCommonClasses (16ms)
	RebuildNativeTypeToScriptingClass (6ms)
	initialDomainReloadingComplete (24ms)
	LoadAllAssembliesAndSetupDomain (90ms)
		LoadAssemblies (34ms)
		AnalyzeDomain (86ms)
			TypeCache.Refresh (86ms)
				TypeCache.ScanAssembly (79ms)
	FinalizeReload (191ms)
		SetupLoadedEditorAssemblies (0ms)
			InitializePlatformSupportModulesInManaged (48ms)
			BeforeProcessingInitializeOnLoad (35ms)
			ProcessInitializeOnLoadAttributes (42ms)
			ProcessInitializeOnLoadMethodAttributes (36ms)
[Licensing::Client] Successfully resolved entitlement details
Application.AssetDatabase Initial Refresh Start
[Package Manager] Restoring resolved packages state from cache
[Licensing::Client] Successfully resolved entitlement details
[Package Manager] Registered 56 packages:
  Packages from [https://packages.unity.com]:
    com.unity.ads@4.16.4 (location: /Users/cuongnguyen/.paperclip/instances/default/workspaces/fd3feb82-9d99-4a42-a614-015f3a017a2a/FinalNumber/Library/PackageCache/com.unity.ads@e89225828059)
    com.unity.ai.navigation@2.0.11 (location: /Users/cuongnguyen/.paperclip/instances/default/workspaces/fd3feb82-9d99-4a42-a614-015f3a017a2a/FinalNumber/Library/PackageCache/com.unity.ai.navigation@78534c21b27d)
    com.unity.analytics@3.8.2 (location: /Users/cuongnguyen/.paperclip/instances/default/workspaces/fd3feb82-9d99-4a42-a614-015f3a017a2a/FinalNumber/Library/PackageCache/com.unity.analytics@c9d14a6bdec6)
    com.unity.collab-proxy@2.11.4 (location: /Users/cuongnguyen/.paperclip/instances/default/workspaces/fd3feb82-9d99-4a42-a614-015f3a017a2a/FinalNumber/Library/PackageCache/com.unity.collab-proxy@a5329f833fa8)
    com.unity.ide.rider@3.0.39 (location: /Users/cuongnguyen/.paperclip/instances/default/workspaces/fd3feb82-9d99-4a42-a614-015f3a017a2a/FinalNumber/Library/PackageCache/com.unity.ide.rider@4504839d03f7)
    com.unity.ide.visualstudio@2.0.27 (location: /Users/cuongnguyen/.paperclip/instances/default/workspaces/fd3feb82-9d99-4a42-a614-015f3a017a2a/FinalNumber/Library/PackageCache/com.unity.ide.visualstudio@dc1ddd4f09b6)
    com.unity.ide.vscode@1.2.5 (location: /Users/cuongnguyen/.paperclip/instances/default/workspaces/fd3feb82-9d99-4a42-a614-015f3a017a2a/FinalNumber/Library/PackageCache/com.unity.ide.vscode@82e68656b7bd)
    com.unity.mobile.android-logcat@1.4.7 (location: /Users/cuongnguyen/.paperclip/instances/default/workspaces/fd3feb82-9d99-4a42-a614-015f3a017a2a/FinalNumber/Library/PackageCache/com.unity.mobile.android-logcat@a8a404f035b3)
    com.unity.purchasing@4.14.2 (location: /Users/cuongnguyen/.paperclip/instances/default/workspaces/fd3feb82-9d99-4a42-a614-015f3a017a2a/FinalNumber/Library/PackageCache/com.unity.purchasing@039fd41c6e81)
    com.unity.timeline@1.8.11 (location: /Users/cuongnguyen/.paperclip/instances/default/workspaces/fd3feb82-9d99-4a42-a614-015f3a017a2a/FinalNumber/Library/PackageCache/com.unity.timeline@bfd27f8016ff)
    com.unity.xr.legacyinputhelpers@3.0.1 (location: /Users/cuongnguyen/.paperclip/instances/default/workspaces/fd3feb82-9d99-4a42-a614-015f3a017a2a/FinalNumber/Library/PackageCache/com.unity.xr.legacyinputhelpers@3f62d634f63b)
    com.unity.services.core@1.16.0 (location: /Users/cuongnguyen/.paperclip/instances/default/workspaces/fd3feb82-9d99-4a42-a614-015f3a017a2a/FinalNumber/Library/PackageCache/com.unity.services.core@8ba50f624741)
    com.unity.services.analytics@6.3.0 (location: /Users/cuongnguyen/.paperclip/instances/default/workspaces/fd3feb82-9d99-4a42-a614-015f3a017a2a/FinalNumber/Library/PackageCache/com.unity.services.analytics@cde4e6cf92f9)
    com.unity.nuget.newtonsoft-json@3.2.2 (location: /Users/cuongnguyen/.paperclip/instances/default/workspaces/fd3feb82-9d99-4a42-a614-015f3a017a2a/FinalNumber/Library/PackageCache/com.unity.nuget.newtonsoft-json@4dfd81071c64)
  Built-in packages:
    com.unity.2d.sprite@1.0.0 (location: /Users/cuongnguyen/.paperclip/instances/default/workspaces/fd3feb82-9d99-4a42-a614-015f3a017a2a/FinalNumber/Library/PackageCache/com.unity.2d.sprite@929df5adbb1f)
    com.unity.2d.tilemap@1.0.0 (location: /Users/cuongnguyen/.paperclip/instances/default/workspaces/fd3feb82-9d99-4a42-a614-015f3a017a2a/FinalNumber/Library/PackageCache/com.unity.2d.tilemap@c457c5249013)
    com.unity.multiplayer.center@1.0.1 (location: /Users/cuongnguyen/.paperclip/instances/default/workspaces/fd3feb82-9d99-4a42-a614-015f3a017a2a/FinalNumber/Library/PackageCache/com.unity.multiplayer.center@f01f4ba8d00a)
    com.unity.test-framework@1.6.0 (location: /Users/cuongnguyen/.paperclip/instances/default/workspaces/fd3feb82-9d99-4a42-a614-015f3a017a2a/FinalNumber/Library/PackageCache/com.unity.test-framework@76560ee600cb)
    com.unity.ugui@2.0.0 (location: /Users/cuongnguyen/.paperclip/instances/default/workspaces/fd3feb82-9d99-4a42-a614-015f3a017a2a/FinalNumber/Library/PackageCache/com.unity.ugui@d8a2716f3013)
    com.unity.modules.accessibility@1.0.0 (location: /Users/cuongnguyen/.paperclip/instances/default/workspaces/fd3feb82-9d99-4a42-a614-015f3a017a2a/FinalNumber/Library/PackageCache/com.unity.modules.accessibility)
    com.unity.modules.adaptiveperformance@1.0.0 (location: /Users/cuongnguyen/.paperclip/instances/default/workspaces/fd3feb82-9d99-4a42-a614-015f3a017a2a/FinalNumber/Library/PackageCache/com.unity.modules.adaptiveperformance)
    com.unity.modules.ai@1.0.0 (location: /Users/cuongnguyen/.paperclip/instances/default/workspaces/fd3feb82-9d99-4a42-a614-015f3a017a2a/FinalNumber/Library/PackageCache/com.unity.modules.ai)
    com.unity.modules.androidjni@1.0.0 (location: /Users/cuongnguyen/.paperclip/instances/default/workspaces/fd3feb82-9d99-4a42-a614-015f3a017a2a/FinalNumber/Library/PackageCache/com.unity.modules.androidjni)
    com.unity.modules.animation@1.0.0 (location: /Users/cuongnguyen/.paperclip/instances/default/workspaces/fd3feb82-9d99-4a42-a614-015f3a017a2a/FinalNumber/Library/PackageCache/com.unity.modules.animation)
    com.unity.modules.assetbundle@1.0.0 (location: /Users/cuongnguyen/.paperclip/instances/default/workspaces/fd3feb82-9d99-4a42-a614-015f3a017a2a/FinalNumber/Library/PackageCache/com.unity.modules.assetbundle)
    com.unity.modules.audio@1.0.0 (location: /Users/cuongnguyen/.paperclip/instances/default/workspaces/fd3feb82-9d99-4a42-a614-015f3a017a2a/FinalNumber/Library/PackageCache/com.unity.modules.audio)
    com.unity.modules.cloth@1.0.0 (location: /Users/cuongnguyen/.paperclip/instances/default/workspaces/fd3feb82-9d99-4a42-a614-015f3a017a2a/FinalNumber/Library/PackageCache/com.unity.modules.cloth)
    com.unity.modules.director@1.0.0 (location: /Users/cuongnguyen/.paperclip/instances/default/workspaces/fd3feb82-9d99-4a42-a614-015f3a017a2a/FinalNumber/Library/PackageCache/com.unity.modules.director)
    com.unity.modules.imageconversion@1.0.0 (location: /Users/cuongnguyen/.paperclip/instances/default/workspaces/fd3feb82-9d99-4a42-a614-015f3a017a2a/FinalNumber/Library/PackageCache/com.unity.modules.imageconversion)
    com.unity.modules.imgui@1.0.0 (location: /Users/cuongnguyen/.paperclip/instances/default/workspaces/fd3feb82-9d99-4a42-a614-015f3a017a2a/FinalNumber/Library/PackageCache/com.unity.modules.imgui)
    com.unity.modules.jsonserialize@1.0.0 (location: /Users/cuongnguyen/.paperclip/instances/default/workspaces/fd3feb82-9d99-4a42-a614-015f3a017a2a/FinalNumber/Library/PackageCache/com.unity.modules.jsonserialize)
    com.unity.modules.particlesystem@1.0.0 (location: /Users/cuongnguyen/.paperclip/instances/default/workspaces/fd3feb82-9d99-4a42-a614-015f3a017a2a/FinalNumber/Library/PackageCache/com.unity.modules.particlesystem)
    com.unity.modules.physics@1.0.0 (location: /Users/cuongnguyen/.paperclip/instances/default/workspaces/fd3feb82-9d99-4a42-a614-015f3a017a2a/FinalNumber/Library/PackageCache/com.unity.modules.physics)
    com.unity.modules.physics2d@1.0.0 (location: /Users/cuongnguyen/.paperclip/instances/default/workspaces/fd3feb82-9d99-4a42-a614-015f3a017a2a/FinalNumber/Library/PackageCache/com.unity.modules.physics2d)
    com.unity.modules.screencapture@1.0.0 (location: /Users/cuongnguyen/.paperclip/instances/default/workspaces/fd3feb82-9d99-4a42-a614-015f3a017a2a/FinalNumber/Library/PackageCache/com.unity.modules.screencapture)
    com.unity.modules.terrain@1.0.0 (location: /Users/cuongnguyen/.paperclip/instances/default/workspaces/fd3feb82-9d99-4a42-a614-015f3a017a2a/FinalNumber/Library/PackageCache/com.unity.modules.terrain)
    com.unity.modules.terrainphysics@1.0.0 (location: /Users/cuongnguyen/.paperclip/instances/default/workspaces/fd3feb82-9d99-4a42-a614-015f3a017a2a/FinalNumber/Library/PackageCache/com.unity.modules.terrainphysics)
    com.unity.modules.tilemap@1.0.0 (location: /Users/cuongnguyen/.paperclip/instances/default/workspaces/fd3feb82-9d99-4a42-a614-015f3a017a2a/FinalNumber/Library/PackageCache/com.unity.modules.tilemap)
    com.unity.modules.ui@1.0.0 (location: /Users/cuongnguyen/.paperclip/instances/default/workspaces/fd3feb82-9d99-4a42-a614-015f3a017a2a/FinalNumber/Library/PackageCache/com.unity.modules.ui)
    com.unity.modules.uielements@1.0.0 (location: /Users/cuongnguyen/.paperclip/instances/default/workspaces/fd3feb82-9d99-4a42-a614-015f3a017a2a/FinalNumber/Library/PackageCache/com.unity.modules.uielements)
    com.unity.modules.umbra@1.0.0 (location: /Users/cuongnguyen/.paperclip/instances/default/workspaces/fd3feb82-9d99-4a42-a614-015f3a017a2a/FinalNumber/Library/PackageCache/com.unity.modules.umbra)
    com.unity.modules.unityanalytics@1.0.0 (location: /Users/cuongnguyen/.paperclip/instances/default/workspaces/fd3feb82-9d99-4a42-a614-015f3a017a2a/FinalNumber/Library/PackageCache/com.unity.modules.unityanalytics)
    com.unity.modules.unitywebrequest@1.0.0 (location: /Users/cuongnguyen/.paperclip/instances/default/workspaces/fd3feb82-9d99-4a42-a614-015f3a017a2a/FinalNumber/Library/PackageCache/com.unity.modules.unitywebrequest)
    com.unity.modules.unitywebrequestassetbundle@1.0.0 (location: /Users/cuongnguyen/.paperclip/instances/default/workspaces/fd3feb82-9d99-4a42-a614-015f3a017a2a/FinalNumber/Library/PackageCache/com.unity.modules.unitywebrequestassetbundle)
    com.unity.modules.unitywebrequestaudio@1.0.0 (location: /Users/cuongnguyen/.paperclip/instances/default/workspaces/fd3feb82-9d99-4a42-a614-015f3a017a2a/FinalNumber/Library/PackageCache/com.unity.modules.unitywebrequestaudio)
    com.unity.modules.unitywebrequesttexture@1.0.0 (location: /Users/cuongnguyen/.paperclip/instances/default/workspaces/fd3feb82-9d99-4a42-a614-015f3a017a2a/FinalNumber/Library/PackageCache/com.unity.modules.unitywebrequesttexture)
    com.unity.modules.unitywebrequestwww@1.0.0 (location: /Users/cuongnguyen/.paperclip/instances/default/workspaces/fd3feb82-9d99-4a42-a614-015f3a017a2a/FinalNumber/Library/PackageCache/com.unity.modules.unitywebrequestwww)
    com.unity.modules.vectorgraphics@1.0.0 (location: /Users/cuongnguyen/.paperclip/instances/default/workspaces/fd3feb82-9d99-4a42-a614-015f3a017a2a/FinalNumber/Library/PackageCache/com.unity.modules.vectorgraphics)
    com.unity.modules.vehicles@1.0.0 (location: /Users/cuongnguyen/.paperclip/instances/default/workspaces/fd3feb82-9d99-4a42-a614-015f3a017a2a/FinalNumber/Library/PackageCache/com.unity.modules.vehicles)
    com.unity.modules.video@1.0.0 (location: /Users/cuongnguyen/.paperclip/instances/default/workspaces/fd3feb82-9d99-4a42-a614-015f3a017a2a/FinalNumber/Library/PackageCache/com.unity.modules.video)
    com.unity.modules.vr@1.0.0 (location: /Users/cuongnguyen/.paperclip/instances/default/workspaces/fd3feb82-9d99-4a42-a614-015f3a017a2a/FinalNumber/Library/PackageCache/com.unity.modules.vr)
    com.unity.modules.wind@1.0.0 (location: /Users/cuongnguyen/.paperclip/instances/default/workspaces/fd3feb82-9d99-4a42-a614-015f3a017a2a/FinalNumber/Library/PackageCache/com.unity.modules.wind)
    com.unity.modules.xr@1.0.0 (location: /Users/cuongnguyen/.paperclip/instances/default/workspaces/fd3feb82-9d99-4a42-a614-015f3a017a2a/FinalNumber/Library/PackageCache/com.unity.modules.xr)
    com.unity.modules.subsystems@1.0.0 (location: /Users/cuongnguyen/.paperclip/instances/default/workspaces/fd3feb82-9d99-4a42-a614-015f3a017a2a/FinalNumber/Library/PackageCache/com.unity.modules.subsystems)
    com.unity.modules.hierarchycore@1.0.0 (location: /Users/cuongnguyen/.paperclip/instances/default/workspaces/fd3feb82-9d99-4a42-a614-015f3a017a2a/FinalNumber/Library/PackageCache/com.unity.modules.hierarchycore)
    com.unity.ext.nunit@2.0.5 (location: /Users/cuongnguyen/.paperclip/instances/default/workspaces/fd3feb82-9d99-4a42-a614-015f3a017a2a/FinalNumber/Library/PackageCache/com.unity.ext.nunit@d8c07649098d)
[Package Manager] com.unity.ide.vscode is deprecated: Visual Studio Code package is not supported anymore. You can continue to use it, but we won't provide any update anymore.
[Subsystems] No new subsystems found in resolved package list.
[Package Manager] Done registering packages in 0.01 seconds
info: Microsoft.Hosting.Lifetime[14]
      Now listening on: http://unix:/tmp/ilpp.sock-e2b1c0c0a3f395e4091d497292903130
info: Microsoft.Hosting.Lifetime[0]
      Application started. Press Ctrl+C to shut down.
info: Microsoft.Hosting.Lifetime[0]
      Hosting environment: Production
info: Microsoft.Hosting.Lifetime[0]
      Content root path: /Users/cuongnguyen/.paperclip/instances/default/workspaces/fd3feb82-9d99-4a42-a614-015f3a017a2a/FinalNumber
info: Microsoft.AspNetCore.Hosting.Diagnostics[1]
      Request starting HTTP/2 POST http://ilpp/UnityILPP.PostProcessing/Ping - application/grpc -
info: Microsoft.AspNetCore.Routing.EndpointMiddleware[0]
      Executing endpoint 'gRPC - /UnityILPP.PostProcessing/Ping'
info: Microsoft.AspNetCore.Routing.EndpointMiddleware[1]
      Executed endpoint 'gRPC - /UnityILPP.PostProcessing/Ping'
info: Microsoft.AspNetCore.Hosting.Diagnostics[2]
      Request finished HTTP/2 POST http://ilpp/UnityILPP.PostProcessing/Ping - 200 - application/grpc 11.9740ms
Starting: /Applications/Unity/Hub/Editor/6000.4.1f1/Unity.app/Contents/Resources/BuildPipeline/bee_backend --ipc --defer-dag-verification --dagfile="Library/Bee/200b0aE.dag" --continue-on-failure --profile="Library/Bee/backend1.traceevents" ScriptAssemblies
WorkingDir: /Users/cuongnguyen/.paperclip/instances/default/workspaces/fd3feb82-9d99-4a42-a614-015f3a017a2a/FinalNumber
DisplayProgressbar: Compiling Scripts
ExitCode: 0 Duration: 0s66ms
*** Tundra build success (0.05 seconds), 0 items updated, 766 evaluated
AssetDatabase: script compilation time: 0.330676s
Begin MonoManager ReloadAssembly
Total cache size 268130490
Total cache size after purge 268130490, took 00:00:00.0839917
Assembly Assembly-CSharp-Editor-firstpass.dll at Library/ScriptAssemblies/Assembly-CSharp-Editor-firstpass.dll not valid. Loading of assembly skipped.
Assembly Assembly-CSharp-firstpass.dll at Library/ScriptAssemblies/Assembly-CSharp-firstpass.dll not valid. Loading of assembly skipped.
Assembly DocCodeExamples.dll at Library/ScriptAssemblies/DocCodeExamples.dll not valid. Loading of assembly skipped.
Assembly TestNewCustomAssembly.dll at Library/ScriptAssemblies/TestNewCustomAssembly.dll not valid. Loading of assembly skipped.
Assembly Unity.2D.Sprite.Package.EditorTests.dll at Library/ScriptAssemblies/Unity.2D.Sprite.Package.EditorTests.dll not valid. Loading of assembly skipped.
Assembly Unity.2D.Tilemap.Package.EditorTests.dll at Library/ScriptAssemblies/Unity.2D.Tilemap.Package.EditorTests.dll not valid. Loading of assembly skipped.
Assembly Unity.Analytics.DataPrivacy.Tests.dll at Library/ScriptAssemblies/Unity.Analytics.DataPrivacy.Tests.dll not valid. Loading of assembly skipped.
Assembly Unity.Analytics.StandardEvents.EditorTests.dll at Library/ScriptAssemblies/Unity.Analytics.StandardEvents.EditorTests.dll not valid. Loading of assembly skipped.
Assembly Unity.Mobile.AndroidLogcat.Editor.Tests.dll at Library/ScriptAssemblies/Unity.Mobile.AndroidLogcat.Editor.Tests.dll not valid. Loading of assembly skipped.
Assembly Unity.Mobile.AndroidLogcat.Integration.Editor.Tests.dll at Library/ScriptAssemblies/Unity.Mobile.AndroidLogcat.Integration.Editor.Tests.dll not valid. Loading of assembly skipped.
Assembly Unity.Mobile.AndroidLogcat.Performance.Editor.Tests.dll at Library/ScriptAssemblies/Unity.Mobile.AndroidLogcat.Performance.Editor.Tests.dll not valid. Loading of assembly skipped.
Assembly Unity.Mobile.AndroidLogcat.Runtime.Tests.dll at Library/ScriptAssemblies/Unity.Mobile.AndroidLogcat.Runtime.Tests.dll not valid. Loading of assembly skipped.
Assembly Unity.Mobile.AndroidLogcat.Shared.Editor.Tests.dll at Library/ScriptAssemblies/Unity.Mobile.AndroidLogcat.Shared.Editor.Tests.dll not valid. Loading of assembly skipped.
Assembly Unity.Multiplayer.Center.Editor.Tests.dll at Library/ScriptAssemblies/Unity.Multiplayer.Center.Editor.Tests.dll not valid. Loading of assembly skipped.
Assembly Unity.Multiplayer.Center.Tests.dll at Library/ScriptAssemblies/Unity.Multiplayer.Center.Tests.dll not valid. Loading of assembly skipped.
Assembly Unity.TextMeshPro.Editor.Tests.dll at Library/ScriptAssemblies/Unity.TextMeshPro.Editor.Tests.dll not valid. Loading of assembly skipped.
Assembly Unity.TextMeshPro.Tests.dll at Library/ScriptAssemblies/Unity.TextMeshPro.Tests.dll not valid. Loading of assembly skipped.
Assembly UnityEditor.UI.Common.Tests.dll at Library/ScriptAssemblies/UnityEditor.UI.Common.Tests.dll not valid. Loading of assembly skipped.
Assembly UnityEditor.UI.EditorTests.dll at Library/ScriptAssemblies/UnityEditor.UI.EditorTests.dll not valid. Loading of assembly skipped.
Assembly UnityEditor.XR.LegacyInputHelpers.Tests.dll at Library/ScriptAssemblies/UnityEditor.XR.LegacyInputHelpers.Tests.dll not valid. Loading of assembly skipped.
Assembly UnityEngine.Advertisements.Editor.Tests.dll at Library/ScriptAssemblies/UnityEngine.Advertisements.Editor.Tests.dll not valid. Loading of assembly skipped.
Assembly UnityEngine.Advertisements.Tests.dll at Library/ScriptAssemblies/UnityEngine.Advertisements.Tests.dll not valid. Loading of assembly skipped.
Assembly UnityEngine.Purchasing.Apple.dll at Library/ScriptAssemblies/UnityEngine.Purchasing.Apple.dll not valid. Loading of assembly skipped.
Assembly UnityEngine.Purchasing.AppleMacos.dll at Library/ScriptAssemblies/UnityEngine.Purchasing.AppleMacos.dll not valid. Loading of assembly skipped.
Assembly UnityEngine.Purchasing.Security.dll at Library/ScriptAssemblies/UnityEngine.Purchasing.Security.dll not valid. Loading of assembly skipped.
Assembly UnityEngine.Purchasing.WinRT.dll at Library/ScriptAssemblies/UnityEngine.Purchasing.WinRT.dll not valid. Loading of assembly skipped.
Assembly UnityEngine.SpatialTracking.Tests.dll at Library/ScriptAssemblies/UnityEngine.SpatialTracking.Tests.dll not valid. Loading of assembly skipped.
Assembly UnityEngine.UI.Tests.dll at Library/ScriptAssemblies/UnityEngine.UI.Tests.dll not valid. Loading of assembly skipped.
Symbol file LoadedFromMemory is not a mono symbol file
Native extension for iOS target not found
Native extension for Android target not found
Native extension for OSXStandalone target not found
Native extension for WebGL target not found
ScheduleIndexationOnStartup MainProcess:True IndexOnStartup:True
Mono: successfully reloaded assembly
- Finished resetting the current domain, in  3.079 seconds
Domain Reload Profiling: 3329ms
	BeginReloadAssembly (73ms)
		DisableScriptedObjects (4ms)
		CreateAndSetChildDomain (22ms)
	RebuildCommonClasses (16ms)
	RebuildNativeTypeToScriptingClass (7ms)
	initialDomainReloadingComplete (16ms)
	LoadAllAssembliesAndSetupDomain (139ms)
		LoadAssemblies (103ms)
		AnalyzeDomain (61ms)
			TypeCache.Refresh (44ms)
				TypeCache.ScanAssembly (37ms)
			BuildScriptInfoCaches (15ms)
	FinalizeReload (3080ms)
		SetupLoadedEditorAssemblies (0ms)
			InitializePlatformSupportModulesInManaged (16ms)
			BeforeProcessingInitializeOnLoad (59ms)
			ProcessInitializeOnLoadAttributes (105ms)
			ProcessInitializeOnLoadMethodAttributes (2842ms)
(Values over 0.050ms)
Asset Pipeline Refresh (id=cf35c7887d7e44be3b69af6b1305c169): Total: 3.943 seconds - Initiated by InitialRefreshV2(ForceSynchronousImport)
	Summary:
		Imports: total=0 (actual=0, local cache=0, cache server=0)
		Asset DB Process Time: managed=0 ms, native=3334 ms
		Asset DB Callback time: managed=6 ms, native=7 ms
		Scripting: domain reloads=1, domain reload time=249 ms, compile time=331 ms, other=13 ms
		Project Asset Count: scripts=841, non-scripts=1007
		Asset File Changes: new=0, changed=0, moved=0, deleted=0
		Scan Filter Count: 1
	InvokePackagesCallback: 7.523ms
	ApplyChangesToAssetFolders: 0.187ms
	Scan: 183.094ms
	CategorizeScriptCompilationAssets: 9.332ms
	ProcessAssetsWithTransientArtifactChanges: 12.913ms
	CategorizeAssets: 7.402ms
	CompileScripts: 331.451ms
	ImportOutOfDateAssets: 3082.737ms (3082.359ms without children)
		UnloadImportedAssets: 0.111ms
		EnsureUptoDateAssetsAreRegisteredWithGuidPM: 0.150ms
		OnDemandSchedulerStart: 0.116ms
	PostProcessAllAssets: 6.554ms
		MonoPostProcessAllAssets: 6.532ms
			WindowAssetPostprocessingWatcher.OnPostprocessAllAssets 2.737ms
			SpeedTree9Postprocessor.OnPostprocessAllAssets 0.281ms
			ReferencedClipsPostProcessor.OnPostprocessAllAssets 0.117ms
			TerrainToolbarOverlayPostProcessor.OnPostprocessAllAssets 0.056ms
			AssetDatabaseCallbacks.OnPostprocessAllAssets 0.055ms
	UnloadStreamsBegin: 0.505ms
	GenerateScriptTypeHashes: 0.645ms
	GenerateScriptTypeSerializationHashes: 1.529ms
	Untracked: 300.701ms

Application.AssetDatabase Initial Refresh End
Launching external process: /Applications/Unity/Hub/Editor/6000.4.1f1/Unity.app/Contents/Helpers/UnityShaderCompiler
Launched and connected shader compiler UnityShaderCompiler after 0.02 seconds
Scanning for USB devices : 0.196ms
Initializing Unity extensions:
[MODES] ModeService[none].Initialize
[MODES] ModeService[none].LoadModes
[MODES] Loading mode Default (0) for mode-current-id-Final Number [Development]
2026-04-17 03:30:02.198 Unity[45213:30220114] NSEventModifierFlagFunction specified to -setKeyEquivalentModifierMask: for item <NSMenuItem: 0x920ff2ee0 SDF, ke='Command-F12'>, but is only supported for system-provided menu items; will not be used
Unloading 4 Unused Serialized files (Serialized files now loaded: 0)
Unloading 3067 unused Assets / (2.0 MB). Loaded Objects now: 3642.
Memory consumption went from 133.2 MB to 131.2 MB.
Total: 7.355083 ms (FindLiveObjects: 0.143292 ms CreateObjectMapping: 0.056625 ms MarkObjects: 6.581167 ms  DeleteObjects: 0.573708 ms)

[CommandLineBuild] Starting Android build...
UnityEngine.Debug:ExtractStackTraceNoAlloc (byte*,int,string)
UnityEngine.StackTraceUtility:ExtractStackTrace () (at /Users/bokken/build/output/unity/unity/Runtime/Export/Scripting/StackTrace.cs:35)
UnityEngine.DebugLogHandler:Internal_Log (UnityEngine.LogType,UnityEngine.LogOption,string,UnityEngine.Object)
UnityEngine.DebugLogHandler:LogFormat (UnityEngine.LogType,UnityEngine.Object,string,object[])
UnityEngine.Logger:Log (UnityEngine.LogType,object)
UnityEngine.Debug:Log (object)
FinalNumber.Editor.CommandLineBuild:BuildAndroid () (at Assets/Editor/CommandLineBuild.cs:29)

(Filename: Assets/Editor/CommandLineBuild.cs Line: 29)

[CommandLineBuild] Version: 1.0.0, Build: 1, Type: Development
UnityEngine.Debug:ExtractStackTraceNoAlloc (byte*,int,string)
UnityEngine.StackTraceUtility:ExtractStackTrace () (at /Users/bokken/build/output/unity/unity/Runtime/Export/Scripting/StackTrace.cs:35)
UnityEngine.DebugLogHandler:Internal_Log (UnityEngine.LogType,UnityEngine.LogOption,string,UnityEngine.Object)
UnityEngine.DebugLogHandler:LogFormat (UnityEngine.LogType,UnityEngine.Object,string,object[])
UnityEngine.Logger:Log (UnityEngine.LogType,object)
UnityEngine.Debug:Log (object)
FinalNumber.Editor.CommandLineBuild:BuildAndroid () (at Assets/Editor/CommandLineBuild.cs:30)

(Filename: Assets/Editor/CommandLineBuild.cs Line: 30)

PlayerSettings.applicationIdentifier only changes the identifier for the currently active platform. Please use SetApplicationIdentifier to set it for any platform
UnityEngine.Debug:ExtractStackTraceNoAlloc (byte*,int,string)
UnityEngine.StackTraceUtility:ExtractStackTrace () (at /Users/bokken/build/output/unity/unity/Runtime/Export/Scripting/StackTrace.cs:35)
UnityEngine.DebugLogHandler:Internal_Log (UnityEngine.LogType,UnityEngine.LogOption,string,UnityEngine.Object)
UnityEngine.DebugLogHandler:LogFormat (UnityEngine.LogType,UnityEngine.Object,string,object[])
UnityEngine.Logger:Log (UnityEngine.LogType,object)
UnityEngine.Debug:LogWarning (object)
UnityEditor.PlayerSettings:set_applicationIdentifier (string) (at /Users/bokken/build/output/unity/unity/Editor/Mono/PlayerSettings.bindings.cs:1569)
FinalNumber.Editor.CommandLineBuild:ApplyBuildConfig (UnityEditor.BuildTarget,FinalNumber.Editor.CommandLineBuild/BuildArgs) (at Assets/Editor/CommandLineBuild.cs:262)
FinalNumber.Editor.CommandLineBuild:BuildAndroid () (at Assets/Editor/CommandLineBuild.cs:33)

(Filename: /Users/bokken/build/output/unity/unity/Editor/Mono/PlayerSettings.bindings.cs Line: 1569)

[CommandLineBuild] Applied config: BundleID=com.finalnumber.game.dev, Version=1.0.0
UnityEngine.Debug:ExtractStackTraceNoAlloc (byte*,int,string)
UnityEngine.StackTraceUtility:ExtractStackTrace () (at /Users/bokken/build/output/unity/unity/Runtime/Export/Scripting/StackTrace.cs:35)
UnityEngine.DebugLogHandler:Internal_Log (UnityEngine.LogType,UnityEngine.LogOption,string,UnityEngine.Object)
UnityEngine.DebugLogHandler:LogFormat (UnityEngine.LogType,UnityEngine.Object,string,object[])
UnityEngine.Logger:Log (UnityEngine.LogType,object)
UnityEngine.Debug:Log (object)
FinalNumber.Editor.CommandLineBuild:ApplyBuildConfig (UnityEditor.BuildTarget,FinalNumber.Editor.CommandLineBuild/BuildArgs) (at Assets/Editor/CommandLineBuild.cs:294)
FinalNumber.Editor.CommandLineBuild:BuildAndroid () (at Assets/Editor/CommandLineBuild.cs:33)

(Filename: Assets/Editor/CommandLineBuild.cs Line: 294)

Curl error 35: Recv failure: Connection reset by peer
[BuildPreprocess] No BuildConfig found. Create one via Assets > Create > Final Number > Build Configuration
UnityEngine.Debug:ExtractStackTraceNoAlloc (byte*,int,string)
UnityEngine.StackTraceUtility:ExtractStackTrace () (at /Users/bokken/build/output/unity/unity/Runtime/Export/Scripting/StackTrace.cs:35)
UnityEngine.DebugLogHandler:Internal_Log (UnityEngine.LogType,UnityEngine.LogOption,string,UnityEngine.Object)
UnityEngine.DebugLogHandler:LogFormat (UnityEngine.LogType,UnityEngine.Object,string,object[])
UnityEngine.Logger:Log (UnityEngine.LogType,object)
UnityEngine.Debug:LogWarning (object)
FinalNumber.Editor.BuildPreprocess:OnPreprocessBuild (UnityEditor.Build.Reporting.BuildReport) (at Assets/Editor/BuildPreprocess.cs:23)
UnityEditor.Build.BuildPipelineInterfaces/<>c__DisplayClass17_0:<OnBuildPreProcess>b__1 (UnityEditor.Build.IPreprocessBuildWithReport) (at /Users/bokken/build/output/unity/unity/Editor/Mono/BuildPipeline/BuildPipelineInterfaces.cs:526)
UnityEditor.Build.BuildPipelineInterfaces:InvokeCallbackInterfacesPair<UnityEditor.Build.IPreprocessBuild, UnityEditor.Build.IPreprocessBuildWithReport> (System.Collections.Generic.List`1<UnityEditor.Build.IPreprocessBuild>,System.Action`1<UnityEditor.Build.IPreprocessBuild>,System.Collections.Generic.List`1<UnityEditor.Build.IPreprocessBuildWithReport>,System.Action`1<UnityEditor.Build.IPreprocessBuildWithReport>,bool) (at /Users/bokken/build/output/unity/unity/Editor/Mono/BuildPipeline/BuildPipelineInterfaces.cs:492)
UnityEditor.Build.BuildPipelineInterfaces:OnBuildPreProcess (UnityEditor.Build.Reporting.BuildReport) (at /Users/bokken/build/output/unity/unity/Editor/Mono/BuildPipeline/BuildPipelineInterfaces.cs:524)
UnityEditor.BuildPipeline:BuildPlayerInternal (string[],string,string,UnityEditor.BuildTargetGroup,UnityEditor.BuildTarget,int,UnityEditor.BuildOptions,string[],bool)
UnityEditor.BuildPipeline:BuildPlayer (UnityEditor.BuildPlayerOptions) (at /Users/bokken/build/output/unity/unity/Editor/Mono/BuildPipeline/BuildPipeline.bindings.cs:190)
UnityEditor.BuildPipeline:BuildPlayer (string[],string,UnityEditor.BuildTarget,UnityEditor.BuildOptions) (at /Users/bokken/build/output/unity/unity/Editor/Mono/BuildPipeline/BuildPipeline.bindings.cs:124)
FinalNumber.Editor.CommandLineBuild:BuildAndroid () (at Assets/Editor/CommandLineBuild.cs:56)

(Filename: Assets/Editor/BuildPreprocess.cs Line: 23)

[ServicesCore]: To use Unity's dashboard services, you need to link your Unity project to a project ID. To do this, go to Project Settings to select your organization, select your project and then link a project ID. You also need to make sure your organization has access to the required products. Visit https://dashboard.unity3d.com to sign up.
UnityEngine.Debug:ExtractStackTraceNoAlloc (byte*,int,string)
UnityEngine.StackTraceUtility:ExtractStackTrace () (at /Users/bokken/build/output/unity/unity/Runtime/Export/Scripting/StackTrace.cs:35)
UnityEngine.DebugLogHandler:Internal_Log (UnityEngine.LogType,UnityEngine.LogOption,string,UnityEngine.Object)
UnityEngine.DebugLogHandler:LogFormat (UnityEngine.LogType,UnityEngine.Object,string,object[])
UnityEngine.Logger:LogWarning (string,object)
Unity.Services.Core.Internal.CoreLogger:LogWarning (object) (at ./Library/PackageCache/com.unity.services.core@8ba50f624741/Runtime/Core.Internal/Logging/CoreLogger.cs:15)
Unity.Services.Core.Editor.ProjectUnlinkBuildWarning:OnPreprocessBuild (UnityEditor.Build.Reporting.BuildReport) (at ./Library/PackageCache/com.unity.services.core@8ba50f624741/Editor/Core/Build/ProjectUnlinkBuildWarning.cs:29)
UnityEditor.Build.BuildPipelineInterfaces/<>c__DisplayClass17_0:<OnBuildPreProcess>b__1 (UnityEditor.Build.IPreprocessBuildWithReport) (at /Users/bokken/build/output/unity/unity/Editor/Mono/BuildPipeline/BuildPipelineInterfaces.cs:526)
UnityEditor.Build.BuildPipelineInterfaces:InvokeCallbackInterfacesPair<UnityEditor.Build.IPreprocessBuild, UnityEditor.Build.IPreprocessBuildWithReport> (System.Collections.Generic.List`1<UnityEditor.Build.IPreprocessBuild>,System.Action`1<UnityEditor.Build.IPreprocessBuild>,System.Collections.Generic.List`1<UnityEditor.Build.IPreprocessBuildWithReport>,System.Action`1<UnityEditor.Build.IPreprocessBuildWithReport>,bool) (at /Users/bokken/build/output/unity/unity/Editor/Mono/BuildPipeline/BuildPipelineInterfaces.cs:492)
UnityEditor.Build.BuildPipelineInterfaces:OnBuildPreProcess (UnityEditor.Build.Reporting.BuildReport) (at /Users/bokken/build/output/unity/unity/Editor/Mono/BuildPipeline/BuildPipelineInterfaces.cs:524)
UnityEditor.BuildPipeline:BuildPlayerInternal (string[],string,string,UnityEditor.BuildTargetGroup,UnityEditor.BuildTarget,int,UnityEditor.BuildOptions,string[],bool)
UnityEditor.BuildPipeline:BuildPlayer (UnityEditor.BuildPlayerOptions) (at /Users/bokken/build/output/unity/unity/Editor/Mono/BuildPipeline/BuildPipeline.bindings.cs:190)
UnityEditor.BuildPipeline:BuildPlayer (string[],string,UnityEditor.BuildTarget,UnityEditor.BuildOptions) (at /Users/bokken/build/output/unity/unity/Editor/Mono/BuildPipeline/BuildPipeline.bindings.cs:124)
FinalNumber.Editor.CommandLineBuild:BuildAndroid () (at Assets/Editor/CommandLineBuild.cs:56)

(Filename: ./Library/PackageCache/com.unity.services.core@8ba50f624741/Editor/Core/Build/ProjectUnlinkBuildWarning.cs Line: 29)

Start importing ProjectSettings/ProjectSettings.asset using Guid(00000000000000004000000000000000) (LibraryAssetImporter) -> (Import Result ID: '1aae472e27a2b0f224e85420412f36da') in 0.002875209 seconds [static dependencies only]. Details - ImportResultOutputID=d3ca6db29495033f6ec6c171ea098da8 DependenciesID=dee04ad0ae3462973e908e293342eade StaticDependenciesID=abc63169cf76ee2f792839e359bbea18 
Start importing ProjectSettings/UnityConnectSettings.asset using Guid(0000000000000000a100000000000000) (LibraryAssetImporter) -> (Import Result ID: '956de973ed8d31b1e1a71a1754b1d75d') in 0.001568917 seconds [static dependencies only]. Details - ImportResultOutputID=774300b76df88929d1cf5f28fecd3c40 DependenciesID=0428d16a55179509c06ad1117274f8e8 StaticDependenciesID=c9f3104d2c2f30b88bfb842211bbcf9a 
Asset Pipeline Refresh (id=9fe337da9aee04db98c0d79d5c2bbcce): Total: 0.088 seconds - Initiated by StopAssetImportingV2(NoUpdateAssetOptions)
DisplayProgressbar: Checking prerequisites
Reporting tool paths:
 JDK: '/Applications/Unity/Hub/Editor/6000.4.1f1/PlaybackEngines/AndroidPlayer/OpenJDK'
 Android SDK: '/Applications/Unity/Hub/Editor/6000.4.1f1/PlaybackEngines/AndroidPlayer/SDK'
 Android NDK: '/Applications/Unity/Hub/Editor/6000.4.1f1/PlaybackEngines/AndroidPlayer/NDK'
 Gradle: '/Applications/Unity/Hub/Editor/6000.4.1f1/PlaybackEngines/AndroidPlayer/Tools/gradle' (Gradle Version: '8.13' Android Plugin Version: '8.10.0')
UnityException: Target architecture not specified
Select at least one supported Android CPU architecture in Player Settings.
UnityEditor.BuildPipeline:BuildPlayerInternal_Injected(String[], ManagedSpanWrapper&, ManagedSpanWrapper&, BuildTargetGroup, BuildTarget, Int32, BuildOptions, String[], Boolean)
UnityEditor.BuildPipeline:BuildPlayerInternal(String[], String, String, BuildTargetGroup, BuildTarget, Int32, BuildOptions, String[], Boolean)
UnityEditor.BuildPipeline:BuildPlayer(BuildPlayerOptions) (at /Users/bokken/build/output/unity/unity/Editor/Mono/BuildPipeline/BuildPipeline.bindings.cs:190)
UnityEditor.BuildPipeline:BuildPlayer(String[], String, BuildTarget, BuildOptions) (at /Users/bokken/build/output/unity/unity/Editor/Mono/BuildPipeline/BuildPipeline.bindings.cs:124)
FinalNumber.Editor.CommandLineBuild:BuildAndroid() (at Assets/Editor/CommandLineBuild.cs:56)

(Filename: Assets/Editor/CommandLineBuild.cs Line: 56)

Unloading 0 Unused Serialized files (Serialized files now loaded: 0)
Unloading 43 unused Assets / (Unknown). Loaded Objects now: 3681.
Memory consumption went from 130.7 MB to 132.8 MB.
Total: 7.045333 ms (FindLiveObjects: 0.155375 ms CreateObjectMapping: 0.031750 ms MarkObjects: 6.842333 ms  DeleteObjects: 0.015458 ms)

Build Finished, Result: Failure.
##utp:{"type":"PlayerBuildInfo","version":2,"phase":"Immediate","time":1776371402428,"processId":45213,"steps":[{"description":"Preprocess Player","duration":8},{"description":"Prepare For Build","duration":15}],"duration":23}
Unloading 0 Unused Serialized files (Serialized files now loaded: 0)
Loaded scene 'Temp/__Backupscenes/0.backup'
	Deserialize:            0.329 ms
	Integration:            5.492 ms
	Integration of assets:  0.001 ms
	Thread Wait Time:       0.003 ms
	Total Operation Time:   5.825 ms
Unloading 0 unused Assets / (68.3 KB). Loaded Objects now: 3681.
Memory consumption went from 132.7 MB to 132.6 MB.
Total: 6.204125 ms (FindLiveObjects: 0.053833 ms CreateObjectMapping: 0.023917 ms MarkObjects: 6.120000 ms  DeleteObjects: 0.006208 ms)

[CommandLineBuild] AAB build failed!
UnityEngine.Debug:ExtractStackTraceNoAlloc (byte*,int,string)
UnityEngine.StackTraceUtility:ExtractStackTrace () (at /Users/bokken/build/output/unity/unity/Runtime/Export/Scripting/StackTrace.cs:35)
UnityEngine.DebugLogHandler:Internal_Log (UnityEngine.LogType,UnityEngine.LogOption,string,UnityEngine.Object)
UnityEngine.DebugLogHandler:LogFormat (UnityEngine.LogType,UnityEngine.Object,string,object[])
UnityEngine.Logger:Log (UnityEngine.LogType,object)
UnityEngine.Debug:LogError (object)
FinalNumber.Editor.CommandLineBuild:BuildAndroid () (at Assets/Editor/CommandLineBuild.cs:65)

(Filename: Assets/Editor/CommandLineBuild.cs Line: 65)

Thread 0x17ab4f000 may have been prematurely finalized
Thread 0x17adc7000 may have been prematurely finalized
Input System module state changed to: ShutdownInProgress.
Input Polling Thread exited.
Input System module state changed to: Shutdown.
[Physics::Module] Cleanup current backend.
[Physics::Module] Id: 0xf2b8ea05
[Licensing::IpcConnector] LicenseClient-cuongnguyen-notifications channel disconnected successfully.
[Licensing::IpcConnector] LicenseClient-cuongnguyen channel disconnected successfully.
Thread 0x16e44f000 may have been prematurely finalized
AcceleratorClientConnectionCallback - disconnected - :0
info: Microsoft.Hosting.Lifetime[0]
      Application is shutting down...
Cleanup mono
CodeReloadManager destroyed
debugger-agent: Unable to listen on 44
[usbmuxd] Stop listen thread
[usbmuxd] Error: 
[usbmuxd] Listen thread exiting
